2025-07-25 23:19:16 INFO  ca.udem.maville.server.Server - 
========== 🚀 Server started on port 7070 ==========

2025-07-25 23:23:53 INFO  HTTP - 
--- Requête reçue ---
Méthode: GET
URL: http://localhost:7070/api/prestataire/get
Headers:
  Accept: */*
  User-Agent: PostmanRuntime/7.44.1
  Connection: keep-alive
  Postman-Token: a40e26ef-b4dc-457c-b320-7a31c43c7041
  Host: localhost:7070
  Accept-Encoding: gzip, deflate, br
---------------------

2025-07-25 23:23:53 INFO  HTTP - 
--- Réponse envoyée ---
Status: 500 Server Error
Body:
{"message": "Une erreur est interne survenue! Veuillez réessayer plus tard."}
------------------------

2025-07-25 23:23:58 INFO  HTTP - 
--- Requête reçue ---
Méthode: GET
URL: http://localhost:7070/api/prestataire/getAll
Headers:
  Accept: */*
  User-Agent: PostmanRuntime/7.44.1
  Connection: keep-alive
  Postman-Token: 93119949-7371-474a-b901-a62984d2fb6c
  Host: localhost:7070
  Accept-Encoding: gzip, deflate, br
---------------------

2025-07-25 23:24:02 INFO  HTTP - 
--- Réponse envoyée ---
Status: 200 OK
Body:
[{"id":"687f39b1dd23af6de7e0ce69","nom":"Groupe InfraTech","adresseCourriel":"infratech@groupe.com","abonnementsQuartier":["Ville-Marie","Rosemont–La Petite-Patrie"],"numeroEntreprise":"NEQ12345678","quartiers":["Ville-Marie","Rosemont–La Petite-Patrie"],"typesTravaux":["Travaux Routiers","Travaux Souterrains","Travaux Gaz Ou Electricité"],"abonnementsType":["Travaux Routiers","Travaux Souterrains"]},{"id":"687f39b1dd23af6de7e0ce6a","nom":"Reno-Montréal","adresseCourriel":"contact@reno-mtl.ca","abonnementsQuartier":["Ville-Marie","Verdun"],"numeroEntreprise":"NEQ22334455","quartiers":["Ville-Marie","Verdun"],"typesTravaux":["Travaux Routiers","Travaux Résidentiel"],"abonnementsType":["Travaux Routiers","Travaux Résidentiel"]},{"id":"687f39b1dd23af6de7e0ce6b","nom":"ÉcoJardin Montréal","adresseCourriel":"services@ecojardin.ca","abonnementsQuartier":["Le Plateau-Mont-Royal","Verdun"],"numeroEntreprise":"NEQ99887766","quartiers":["Le Plateau-Mont-Royal","Verdun"],"typesTravaux":["Entretien Paysager","Travaux Résidentiel"],"abonnementsType":["Entretien Paysager","Travaux Résidentiel"]},{"id":"687f39b1dd23af6de7e0ce6c","nom":"SignalPro Inc.","adresseCourriel":"admin@signalpro.ca","abonnementsQuartier":["Le Plateau-Mont-Royal","Ahuntsic–Cartierville"],"numeroEntreprise":"NEQ77665544","quartiers":["Le Plateau-Mont-Royal","Ahuntsic–Cartierville"],"typesTravaux":["Travaux De Signalisation Et Eclairage","Travaux Souterrains"],"abonnementsType":["Travaux De Signalisation Et Eclairage","Travaux Souterrains"]},{"id":"687f39b1dd23af6de7e0ce6d","nom":"Services Urbains Inc.","adresseCourriel":"contact@servicesurbains.com","abonnementsQuartier":["LaSalle","Ville-Marie"],"numeroEntreprise":"NEQ3344556677","quartiers":["LaSalle","Ville-Marie"],"typesTravaux":["Entretien Urbain","Travaux Résidentiel"],"abonnementsType":["Entretien Urbain","Travaux Résidentiel"]}]
------------------------

2025-07-25 23:26:39 INFO  HTTP - 
--- Requête reçue ---
Méthode: GET
URL: http://localhost:7070/api/prestataire/getConcerned
Headers:
  Accept: */*
  User-Agent: PostmanRuntime/7.44.1
  Connection: keep-alive
  Postman-Token: b96769fa-01aa-4eb3-a3f7-503ba2898418
  Host: localhost:7070
  Accept-Encoding: gzip, deflate, br
---------------------

2025-07-25 23:26:39 INFO  HTTP - 
--- Réponse envoyée ---
Status: 400 Bad Request
Body:
{"message": "Les query parameters quartier et type sont requis."}
------------------------

2025-07-25 23:30:43 INFO  HTTP - 
--- Requête reçue ---
Méthode: GET
URL: http://localhost:7070/api/prestataire/getConcerned?quartier=verdun&type=travaux
Headers:
  Accept: */*
  User-Agent: PostmanRuntime/7.44.1
  Connection: keep-alive
  Postman-Token: 3a69b0e6-9a9d-4a63-bf28-d89bc704fab2
  Host: localhost:7070
  Accept-Encoding: gzip, deflate, br
---------------------

2025-07-25 23:30:43 INFO  HTTP - 
--- Réponse envoyée ---
Status: 200 OK
Body:
[]
------------------------

2025-07-25 23:33:20 INFO  HTTP - 
--- Requête reçue ---
Méthode: GET
URL: http://localhost:7070/api/prestataire/getConcerned?quartier=Ville-Marie&type=Travaux%20Routiers
Headers:
  Accept: */*
  User-Agent: PostmanRuntime/7.44.1
  Connection: keep-alive
  Postman-Token: 793461ae-2e85-43f1-b89b-1cf4c0c8497e
  Host: localhost:7070
  Accept-Encoding: gzip, deflate, br
---------------------

2025-07-25 23:33:20 INFO  HTTP - 
--- Réponse envoyée ---
Status: 200 OK
Body:
["687f39b1dd23af6de7e0ce69","687f39b1dd23af6de7e0ce6a","687f39b1dd23af6de7e0ce6d"]
------------------------

